{"C:\\Users\\J\\Documents\\ReactPractice\\src\\pages\\Contact.js": {"path":"C:\\Users\\J\\Documents\\ReactPractice\\src\\pages\\Contact.js","statementMap":{"0":{"start":{"line":4,"column":16},"end":{"line":52,"column":1}},"1":{"start":{"line":5,"column":17},"end":{"line":10,"column":4}},"2":{"start":{"line":12,"column":2},"end":{"line":51,"column":4}}},"fnMap":{"0":{"name":"(anonymous_0)","decl":{"start":{"line":4,"column":16},"end":{"line":4,"column":17}},"loc":{"start":{"line":4,"column":22},"end":{"line":52,"column":1}},"line":4}},"branchMap":{},"s":{"0":1,"1":6,"2":6},"f":{"0":6},"b":{},"_coverageSchema":"1a1c01bbd47fc00a2c39e90264f33305004495a9","hash":"f4743666e751e31b578b03737721243beda39c7e"}
}
