{"C:\\Users\\J\\Documents\\ReactPractice\\src\\components\\Header.js": {"path":"C:\\Users\\J\\Documents\\ReactPractice\\src\\components\\Header.js","statementMap":{"0":{"start":{"line":8,"column":15},"end":{"line":109,"column":1}},"1":{"start":{"line":9,"column":32},"end":{"line":9,"column":47}},"2":{"start":{"line":11,"column":33},"end":{"line":11,"column":57}},"3":{"start":{"line":12,"column":24},"end":{"line":12,"column":47}},"4":{"start":{"line":14,"column":22},"end":{"line":16,"column":3}},"5":{"start":{"line":15,"column":4},"end":{"line":15,"column":42}},"6":{"start":{"line":15,"column":30},"end":{"line":15,"column":40}},"7":{"start":{"line":18,"column":18},"end":{"line":40,"column":3}},"8":{"start":{"line":19,"column":4},"end":{"line":39,"column":10}},"9":{"start":{"line":42,"column":19},"end":{"line":56,"column":3}},"10":{"start":{"line":43,"column":4},"end":{"line":55,"column":10}},"11":{"start":{"line":58,"column":2},"end":{"line":108,"column":4}}},"fnMap":{"0":{"name":"(anonymous_0)","decl":{"start":{"line":8,"column":15},"end":{"line":8,"column":16}},"loc":{"start":{"line":8,"column":21},"end":{"line":109,"column":1}},"line":8},"1":{"name":"(anonymous_1)","decl":{"start":{"line":14,"column":22},"end":{"line":14,"column":23}},"loc":{"start":{"line":14,"column":28},"end":{"line":16,"column":3}},"line":14},"2":{"name":"(anonymous_2)","decl":{"start":{"line":15,"column":15},"end":{"line":15,"column":16}},"loc":{"start":{"line":15,"column":30},"end":{"line":15,"column":40}},"line":15},"3":{"name":"(anonymous_3)","decl":{"start":{"line":18,"column":18},"end":{"line":18,"column":19}},"loc":{"start":{"line":19,"column":4},"end":{"line":39,"column":10}},"line":19},"4":{"name":"(anonymous_4)","decl":{"start":{"line":42,"column":19},"end":{"line":42,"column":20}},"loc":{"start":{"line":43,"column":4},"end":{"line":55,"column":10}},"line":43}},"branchMap":{"0":{"loc":{"start":{"line":18,"column":21},"end":{"line":18,"column":30}},"type":"default-arg","locations":[{"start":{"line":18,"column":28},"end":{"line":18,"column":30}}],"line":18},"1":{"loc":{"start":{"line":18,"column":32},"end":{"line":18,"column":48}},"type":"default-arg","locations":[{"start":{"line":18,"column":40},"end":{"line":18,"column":48}}],"line":18},"2":{"loc":{"start":{"line":42,"column":22},"end":{"line":42,"column":31}},"type":"default-arg","locations":[{"start":{"line":42,"column":29},"end":{"line":42,"column":31}}],"line":42},"3":{"loc":{"start":{"line":42,"column":33},"end":{"line":42,"column":48}},"type":"default-arg","locations":[{"start":{"line":42,"column":41},"end":{"line":42,"column":48}}],"line":42},"4":{"loc":{"start":{"line":95,"column":13},"end":{"line":95,"column":41}},"type":"cond-expr","locations":[{"start":{"line":95,"column":23},"end":{"line":95,"column":30}},{"start":{"line":95,"column":33},"end":{"line":95,"column":41}}],"line":95},"5":{"loc":{"start":{"line":99,"column":13},"end":{"line":103,"column":13}},"type":"cond-expr","locations":[{"start":{"line":100,"column":14},"end":{"line":100,"column":27}},{"start":{"line":102,"column":14},"end":{"line":102,"column":26}}],"line":99}},"s":{"0":1,"1":11,"2":11,"3":11,"4":11,"5":1,"6":1,"7":11,"8":2,"9":11,"10":9,"11":11},"f":{"0":11,"1":1,"2":1,"3":2,"4":9},"b":{"0":[2],"1":[2],"2":[9],"3":[9],"4":[1,10],"5":[9,2]},"_coverageSchema":"1a1c01bbd47fc00a2c39e90264f33305004495a9","hash":"db611f637e46f0f49484447fa9230910cf385042"}
,"C:\\Users\\J\\Documents\\ReactPractice\\src\\components\\RastaurantCard.js": {"path":"C:\\Users\\J\\Documents\\ReactPractice\\src\\components\\RastaurantCard.js","statementMap":{"0":{"start":{"line":5,"column":23},"end":{"line":25,"column":1}},"1":{"start":{"line":7,"column":87},"end":{"line":7,"column":108}},"2":{"start":{"line":9,"column":2},"end":{"line":24,"column":4}},"3":{"start":{"line":28,"column":35},"end":{"line":44,"column":1}},"4":{"start":{"line":29,"column":19},"end":{"line":29,"column":32}},"5":{"start":{"line":31,"column":4},"end":{"line":43,"column":5}},"6":{"start":{"line":34,"column":8},"end":{"line":42,"column":14}},"7":{"start":{"line":40,"column":16},"end":{"line":40,"column":57}}},"fnMap":{"0":{"name":"(anonymous_0)","decl":{"start":{"line":5,"column":23},"end":{"line":5,"column":24}},"loc":{"start":{"line":5,"column":34},"end":{"line":25,"column":1}},"line":5},"1":{"name":"(anonymous_1)","decl":{"start":{"line":28,"column":35},"end":{"line":28,"column":36}},"loc":{"start":{"line":28,"column":55},"end":{"line":44,"column":1}},"line":28},"2":{"name":"(anonymous_2)","decl":{"start":{"line":31,"column":11},"end":{"line":31,"column":12}},"loc":{"start":{"line":31,"column":22},"end":{"line":43,"column":5}},"line":31},"3":{"name":"(anonymous_3)","decl":{"start":{"line":39,"column":31},"end":{"line":39,"column":32}},"loc":{"start":{"line":40,"column":16},"end":{"line":40,"column":57}},"line":40}},"branchMap":{"0":{"loc":{"start":{"line":7,"column":87},"end":{"line":7,"column":108}},"type":"binary-expr","locations":[{"start":{"line":7,"column":87},"end":{"line":7,"column":102}},{"start":{"line":7,"column":106},"end":{"line":7,"column":108}}],"line":7},"1":{"loc":{"start":{"line":20,"column":20},"end":{"line":20,"column":55}},"type":"cond-expr","locations":[{"start":{"line":20,"column":41},"end":{"line":20,"column":44}},{"start":{"line":20,"column":46},"end":{"line":20,"column":55}}],"line":20}},"s":{"0":2,"1":44,"2":44,"3":2,"4":11,"5":11,"6":43,"7":0},"f":{"0":44,"1":11,"2":43,"3":0},"b":{"0":[44,0],"1":[0,44]},"_coverageSchema":"1a1c01bbd47fc00a2c39e90264f33305004495a9","hash":"e04a12d630e970b9416536c17ff2629849b1b6f8"}
,"C:\\Users\\J\\Documents\\ReactPractice\\src\\components\\RestaurantsList.js": {"path":"C:\\Users\\J\\Documents\\ReactPractice\\src\\components\\RestaurantsList.js","statementMap":{"0":{"start":{"line":7,"column":23},"end":{"line":122,"column":1}},"1":{"start":{"line":8,"column":52},"end":{"line":8,"column":64}},"2":{"start":{"line":9,"column":70},"end":{"line":11,"column":3}},"3":{"start":{"line":12,"column":40},"end":{"line":12,"column":52}},"4":{"start":{"line":13,"column":32},"end":{"line":13,"column":46}},"5":{"start":{"line":15,"column":19},"end":{"line":15,"column":32}},"6":{"start":{"line":17,"column":22},"end":{"line":23,"column":3}},"7":{"start":{"line":18,"column":39},"end":{"line":20,"column":5}},"8":{"start":{"line":19,"column":16},"end":{"line":19,"column":42}},"9":{"start":{"line":22,"column":4},"end":{"line":22,"column":62}},"10":{"start":{"line":25,"column":2},"end":{"line":27,"column":9}},"11":{"start":{"line":26,"column":4},"end":{"line":26,"column":16}},"12":{"start":{"line":29,"column":20},"end":{"line":47,"column":3}},"13":{"start":{"line":30,"column":4},"end":{"line":46,"column":5}},"14":{"start":{"line":31,"column":23},"end":{"line":31,"column":54}},"15":{"start":{"line":32,"column":19},"end":{"line":32,"column":40}},"16":{"start":{"line":37,"column":8},"end":{"line":38,"column":23}},"17":{"start":{"line":40,"column":6},"end":{"line":40,"column":40}},"18":{"start":{"line":41,"column":6},"end":{"line":41,"column":49}},"19":{"start":{"line":42,"column":6},"end":{"line":42,"column":24}},"20":{"start":{"line":44,"column":6},"end":{"line":44,"column":33}},"21":{"start":{"line":45,"column":6},"end":{"line":45,"column":24}},"22":{"start":{"line":49,"column":23},"end":{"line":55,"column":3}},"23":{"start":{"line":50,"column":32},"end":{"line":52,"column":5}},"24":{"start":{"line":51,"column":6},"end":{"line":51,"column":78}},"25":{"start":{"line":53,"column":4},"end":{"line":53,"column":55}},"26":{"start":{"line":54,"column":4},"end":{"line":54,"column":23}},"27":{"start":{"line":57,"column":32},"end":{"line":57,"column":65}},"28":{"start":{"line":59,"column":2},"end":{"line":121,"column":4}},"29":{"start":{"line":69,"column":29},"end":{"line":69,"column":59}},"30":{"start":{"line":99,"column":12},"end":{"line":116,"column":13}},"31":{"start":{"line":105,"column":18},"end":{"line":105,"column":70}},"32":{"start":{"line":113,"column":18},"end":{"line":113,"column":70}}},"fnMap":{"0":{"name":"(anonymous_0)","decl":{"start":{"line":7,"column":23},"end":{"line":7,"column":24}},"loc":{"start":{"line":7,"column":29},"end":{"line":122,"column":1}},"line":7},"1":{"name":"(anonymous_1)","decl":{"start":{"line":17,"column":22},"end":{"line":17,"column":23}},"loc":{"start":{"line":17,"column":28},"end":{"line":23,"column":3}},"line":17},"2":{"name":"(anonymous_2)","decl":{"start":{"line":19,"column":6},"end":{"line":19,"column":7}},"loc":{"start":{"line":19,"column":16},"end":{"line":19,"column":42}},"line":19},"3":{"name":"(anonymous_3)","decl":{"start":{"line":25,"column":12},"end":{"line":25,"column":13}},"loc":{"start":{"line":25,"column":18},"end":{"line":27,"column":3}},"line":25},"4":{"name":"(anonymous_4)","decl":{"start":{"line":29,"column":20},"end":{"line":29,"column":21}},"loc":{"start":{"line":29,"column":32},"end":{"line":47,"column":3}},"line":29},"5":{"name":"(anonymous_5)","decl":{"start":{"line":49,"column":23},"end":{"line":49,"column":24}},"loc":{"start":{"line":49,"column":29},"end":{"line":55,"column":3}},"line":49},"6":{"name":"(anonymous_6)","decl":{"start":{"line":50,"column":57},"end":{"line":50,"column":58}},"loc":{"start":{"line":51,"column":6},"end":{"line":51,"column":78}},"line":51},"7":{"name":"(anonymous_7)","decl":{"start":{"line":69,"column":22},"end":{"line":69,"column":23}},"loc":{"start":{"line":69,"column":29},"end":{"line":69,"column":59}},"line":69},"8":{"name":"(anonymous_8)","decl":{"start":{"line":98,"column":42},"end":{"line":98,"column":43}},"loc":{"start":{"line":99,"column":12},"end":{"line":116,"column":13}},"line":99},"9":{"name":"(anonymous_9)","decl":{"start":{"line":104,"column":33},"end":{"line":104,"column":34}},"loc":{"start":{"line":105,"column":18},"end":{"line":105,"column":70}},"line":105},"10":{"name":"(anonymous_10)","decl":{"start":{"line":112,"column":33},"end":{"line":112,"column":34}},"loc":{"start":{"line":113,"column":18},"end":{"line":113,"column":70}},"line":113}},"branchMap":{"0":{"loc":{"start":{"line":90,"column":9},"end":{"line":118,"column":9}},"type":"cond-expr","locations":[{"start":{"line":91,"column":10},"end":{"line":96,"column":16}},{"start":{"line":98,"column":10},"end":{"line":117,"column":11}}],"line":90},"1":{"loc":{"start":{"line":99,"column":12},"end":{"line":116,"column":13}},"type":"cond-expr","locations":[{"start":{"line":100,"column":14},"end":{"line":107,"column":16}},{"start":{"line":109,"column":14},"end":{"line":115,"column":16}}],"line":99}},"s":{"0":1,"1":11,"2":11,"3":11,"4":11,"5":11,"6":11,"7":1,"8":8,"9":1,"10":11,"11":4,"12":11,"13":4,"14":4,"15":4,"16":4,"17":4,"18":4,"19":4,"20":0,"21":0,"22":11,"23":1,"24":8,"25":1,"26":1,"27":11,"28":11,"29":1,"30":43,"31":0,"32":0},"f":{"0":11,"1":1,"2":8,"3":4,"4":4,"5":1,"6":8,"7":1,"8":43,"9":0,"10":0},"b":{"0":[4,7],"1":[43,0]},"_coverageSchema":"1a1c01bbd47fc00a2c39e90264f33305004495a9","hash":"9fcc95e2a384a0aab1e68ddd0822cae90213ab94"}
,"C:\\Users\\J\\Documents\\ReactPractice\\src\\components\\Shimmer.js": {"path":"C:\\Users\\J\\Documents\\ReactPractice\\src\\components\\Shimmer.js","statementMap":{"0":{"start":{"line":3,"column":16},"end":{"line":19,"column":1}},"1":{"start":{"line":5,"column":4},"end":{"line":18,"column":6}}},"fnMap":{"0":{"name":"(anonymous_0)","decl":{"start":{"line":3,"column":16},"end":{"line":3,"column":17}},"loc":{"start":{"line":3,"column":22},"end":{"line":19,"column":1}},"line":3}},"branchMap":{},"s":{"0":1,"1":16},"f":{"0":16},"b":{},"_coverageSchema":"1a1c01bbd47fc00a2c39e90264f33305004495a9","hash":"159ac4e5acbdbd9791f35b245889913cb40d1ecc"}
,"C:\\Users\\J\\Documents\\ReactPractice\\src\\pages\\Contact.js": {"path":"C:\\Users\\J\\Documents\\ReactPractice\\src\\pages\\Contact.js","statementMap":{"0":{"start":{"line":4,"column":16},"end":{"line":54,"column":1}},"1":{"start":{"line":5,"column":17},"end":{"line":10,"column":4}},"2":{"start":{"line":12,"column":2},"end":{"line":53,"column":4}}},"fnMap":{"0":{"name":"(anonymous_0)","decl":{"start":{"line":4,"column":16},"end":{"line":4,"column":17}},"loc":{"start":{"line":4,"column":22},"end":{"line":54,"column":1}},"line":4}},"branchMap":{},"s":{"0":1,"1":53,"2":53},"f":{"0":53},"b":{},"_coverageSchema":"1a1c01bbd47fc00a2c39e90264f33305004495a9","hash":"cc654d06744b12bb7a45f609f1de2390abb362b6"}
,"C:\\Users\\J\\Documents\\ReactPractice\\src\\utills\\constants.js": {"path":"C:\\Users\\J\\Documents\\ReactPractice\\src\\utills\\constants.js","statementMap":{"0":{"start":{"line":1,"column":24},"end":{"line":1,"column":91}},"1":{"start":{"line":3,"column":29},"end":{"line":3,"column":106}},"2":{"start":{"line":5,"column":28},"end":{"line":5,"column":111}},"3":{"start":{"line":7,"column":34},"end":{"line":7,"column":187}},"4":{"start":{"line":10,"column":30},"end":{"line":10,"column":125}},"5":{"start":{"line":13,"column":29},"end":{"line":13,"column":167}}},"fnMap":{},"branchMap":{},"s":{"0":3,"1":3,"2":3,"3":3,"4":3,"5":3},"f":{},"b":{},"_coverageSchema":"1a1c01bbd47fc00a2c39e90264f33305004495a9","hash":"8314539439e6a96fd9d27b2e71f043f070915e57"}
,"C:\\Users\\J\\Documents\\ReactPractice\\src\\utills\\Context\\CartContext.js": {"path":"C:\\Users\\J\\Documents\\ReactPractice\\src\\utills\\Context\\CartContext.js","statementMap":{"0":{"start":{"line":3,"column":20},"end":{"line":8,"column":2}}},"fnMap":{"0":{"name":"(anonymous_0)","decl":{"start":{"line":5,"column":19},"end":{"line":5,"column":20}},"loc":{"start":{"line":5,"column":25},"end":{"line":5,"column":27}},"line":5},"1":{"name":"(anonymous_1)","decl":{"start":{"line":6,"column":24},"end":{"line":6,"column":25}},"loc":{"start":{"line":6,"column":30},"end":{"line":6,"column":32}},"line":6},"2":{"name":"(anonymous_2)","decl":{"start":{"line":7,"column":15},"end":{"line":7,"column":16}},"loc":{"start":{"line":7,"column":21},"end":{"line":7,"column":23}},"line":7}},"branchMap":{},"s":{"0":1},"f":{"0":0,"1":0,"2":0},"b":{},"_coverageSchema":"1a1c01bbd47fc00a2c39e90264f33305004495a9","hash":"914aaf7369ed5b1c02381e5ee56c39264623f446"}
,"C:\\Users\\J\\Documents\\ReactPractice\\src\\utills\\Context\\ThemeContext.js": {"path":"C:\\Users\\J\\Documents\\ReactPractice\\src\\utills\\Context\\ThemeContext.js","statementMap":{"0":{"start":{"line":5,"column":22},"end":{"line":8,"column":2}}},"fnMap":{"0":{"name":"(anonymous_0)","decl":{"start":{"line":7,"column":17},"end":{"line":7,"column":18}},"loc":{"start":{"line":7,"column":23},"end":{"line":7,"column":25}},"line":7}},"branchMap":{},"s":{"0":1},"f":{"0":0},"b":{},"_coverageSchema":"1a1c01bbd47fc00a2c39e90264f33305004495a9","hash":"150eeefb80bdaa40e9645738d2e4b571045e5149"}
}
