TN:
SF:src\components\Header.js
FN:8,(anonymous_0)
FN:14,(anonymous_1)
FN:15,(anonymous_2)
FN:18,(anonymous_3)
FN:42,(anonymous_4)
FNF:5
FNH:5
FNDA:11,(anonymous_0)
FNDA:1,(anonymous_1)
FNDA:1,(anonymous_2)
FNDA:2,(anonymous_3)
FNDA:9,(anonymous_4)
DA:8,1
DA:9,11
DA:11,11
DA:12,11
DA:14,11
DA:15,1
DA:18,11
DA:19,2
DA:42,11
DA:43,9
DA:58,11
LF:11
LH:11
BRDA:18,0,0,2
BRDA:18,1,0,2
BRDA:42,2,0,9
BRDA:42,3,0,9
BRDA:95,4,0,1
BRDA:95,4,1,10
BRDA:99,5,0,9
BRDA:99,5,1,2
BRF:8
BRH:8
end_of_record
TN:
SF:src\components\RastaurantCard.js
FN:5,(anonymous_0)
FN:28,(anonymous_1)
FN:31,(anonymous_2)
FN:39,(anonymous_3)
FNF:4
FNH:3
FNDA:44,(anonymous_0)
FNDA:11,(anonymous_1)
FNDA:43,(anonymous_2)
FNDA:0,(anonymous_3)
DA:5,2
DA:7,44
DA:9,44
DA:28,2
DA:29,11
DA:31,11
DA:34,43
DA:40,0
LF:8
LH:7
BRDA:7,0,0,44
BRDA:7,0,1,0
BRDA:20,1,0,0
BRDA:20,1,1,44
BRF:4
BRH:2
end_of_record
TN:
SF:src\components\RestaurantsList.js
FN:7,(anonymous_0)
FN:17,(anonymous_1)
FN:19,(anonymous_2)
FN:25,(anonymous_3)
FN:29,(anonymous_4)
FN:49,(anonymous_5)
FN:50,(anonymous_6)
FN:69,(anonymous_7)
FN:98,(anonymous_8)
FN:104,(anonymous_9)
FN:112,(anonymous_10)
FNF:11
FNH:9
FNDA:11,(anonymous_0)
FNDA:1,(anonymous_1)
FNDA:8,(anonymous_2)
FNDA:4,(anonymous_3)
FNDA:4,(anonymous_4)
FNDA:1,(anonymous_5)
FNDA:8,(anonymous_6)
FNDA:1,(anonymous_7)
FNDA:43,(anonymous_8)
FNDA:0,(anonymous_9)
FNDA:0,(anonymous_10)
DA:7,1
DA:8,11
DA:9,11
DA:12,11
DA:13,11
DA:15,11
DA:17,11
DA:18,1
DA:19,8
DA:22,1
DA:25,11
DA:26,4
DA:29,11
DA:30,4
DA:31,4
DA:32,4
DA:37,4
DA:40,4
DA:41,4
DA:42,4
DA:44,0
DA:45,0
DA:49,11
DA:50,1
DA:51,8
DA:53,1
DA:54,1
DA:57,11
DA:59,11
DA:69,1
DA:99,43
DA:105,0
DA:113,0
LF:33
LH:29
BRDA:90,0,0,4
BRDA:90,0,1,7
BRDA:99,1,0,43
BRDA:99,1,1,0
BRF:4
BRH:3
end_of_record
TN:
SF:src\components\Shimmer.js
FN:3,(anonymous_0)
FNF:1
FNH:1
FNDA:16,(anonymous_0)
DA:3,1
DA:5,16
LF:2
LH:2
BRF:0
BRH:0
end_of_record
TN:
SF:src\pages\Contact.js
FN:4,(anonymous_0)
FNF:1
FNH:1
FNDA:53,(anonymous_0)
DA:4,1
DA:5,53
DA:12,53
LF:3
LH:3
BRF:0
BRH:0
end_of_record
TN:
SF:src\utills\constants.js
FNF:0
FNH:0
DA:1,3
DA:3,3
DA:5,3
DA:7,3
DA:10,3
DA:13,3
LF:6
LH:6
BRF:0
BRH:0
end_of_record
TN:
SF:src\utills\Context\CartContext.js
FN:5,(anonymous_0)
FN:6,(anonymous_1)
FN:7,(anonymous_2)
FNF:3
FNH:0
FNDA:0,(anonymous_0)
FNDA:0,(anonymous_1)
FNDA:0,(anonymous_2)
DA:3,1
LF:1
LH:1
BRF:0
BRH:0
end_of_record
TN:
SF:src\utills\Context\ThemeContext.js
FN:7,(anonymous_0)
FNF:1
FNH:0
FNDA:0,(anonymous_0)
DA:5,1
LF:1
LH:1
BRF:0
BRH:0
end_of_record
